4/3/2022 - MATAR
5/3/2022 - PLAYA
6/3/2022 - TAIFA
7/3/2022 - AHILO
8/3/2022 - CALAR
8/3/2022 - CALAR
9/3/2022 - DIVAN
10/3/2022 - HERIR
11/3/2022 - EXTRA
12/3/2022 - BECAR
14/3/2022 - MUSLO
15/3/2022 - FORMA
16/3/2022 - BUENO
17/3/2022 - TIBIA
18/3/2022 - OKUPA
19/3/2022 - GOLFO
20/3/2022 - CARDA
21/3/2022 - SALDO
22/3/2022 - SORIA
23/3/2022 - TENSO
24/3/2022 - TRIGO
28/3/2022 - SEDAN
29/3/2022 - TRUCO
30/3/2022 - GOTEO
31/3/2022 - TEXAS
1/4/2022 - VICIO
3/4/2022 - TORRE
4/4/2022 - TENIA
5/4/2022 - TAHUR
6/4/2022 - SIRIA
10/4/2022 - SUPER
11/4/2022 - CORTA
12/4/2022 - NIVEL
14/4/2022 - GLOBO
